<?xml version="1.0" encoding="UTF-8"?>
<!-- Generated by org.testng.reporters.JUnitReportReporter -->
<testsuite skipped="0" hostname="PERFIOS-HW-078" name="jira.api.testing.AddAttachment" tests="1" failures="0" timestamp="2020-07-04T21:49:42 IST" time="1.726" errors="0">
  <testcase name="addIssue" time="1.726" classname="jira.api.testing.AddAttachment"/>
  <system-out/>
</testsuite> <!-- jira.api.testing.AddAttachment -->
