<?xml version="1.0" encoding="UTF-8"?>
<!-- Generated by org.testng.reporters.JUnitReportReporter -->
<testsuite skipped="0" hostname="PERFIOS-HW-078" name="jira.api.testing.GetComment" tests="1" failures="0" timestamp="2020-07-04T23:13:51 IST" time="1.830" errors="0">
  <testcase name="getComment" time="1.830" classname="jira.api.testing.GetComment"/>
  <system-out/>
</testsuite> <!-- jira.api.testing.GetComment -->
