<?xml version="1.0" encoding="UTF-8"?>
<!-- Generated by org.testng.reporters.JUnitReportReporter -->
<testsuite skipped="0" hostname="PERFIOS-HW-078" name="jira.api.testing.AddComment" tests="1" failures="0" timestamp="2020-07-04T22:49:57 IST" time="1.707" errors="0">
  <testcase name="addIssue" time="1.707" classname="jira.api.testing.AddComment"/>
  <system-out/>
</testsuite> <!-- jira.api.testing.AddComment -->
