<?xml version="1.0" encoding="UTF-8"?>
<!-- Generated by org.testng.reporters.JUnitReportReporter -->
<testsuite skipped="0" hostname="PERFIOS-HW-078" name="serialization.add.place.AddPlace" tests="1" failures="0" timestamp="2020-07-05T13:37:19 IST" time="1.750" errors="0">
  <testcase name="addPlace" time="1.750" classname="serialization.add.place.AddPlace"/>
  <system-out/>
</testsuite> <!-- serialization.add.place.AddPlace -->
