<?xml version="1.0" encoding="UTF-8"?>
<!-- Generated by org.testng.reporters.JUnitReportReporter -->
<testsuite skipped="0" hostname="PERFIOS-HW-078" name="jira.api.testing.AddNewAttachment" tests="1" failures="0" timestamp="2020-07-04T23:19:24 IST" time="1.281" errors="0">
  <testcase name="addAttachment" time="1.281" classname="jira.api.testing.AddNewAttachment"/>
  <system-out/>
</testsuite> <!-- jira.api.testing.AddNewAttachment -->
