<?xml version="1.0" encoding="UTF-8"?>
<!-- Generated by org.testng.reporters.JUnitReportReporter -->
<testsuite skipped="0" hostname="PERFIOS-HW-078" name="jira.api.testing.CreateIssue" tests="1" failures="0" timestamp="2020-07-04T21:17:43 IST" time="1.811" errors="0">
  <testcase name="addIssue" time="1.811" classname="jira.api.testing.CreateIssue"/>
  <system-out/>
</testsuite> <!-- jira.api.testing.CreateIssue -->
