<?xml version="1.0" encoding="UTF-8"?>
<!-- Generated by org.testng.reporters.JUnitReportReporter -->
<testsuite skipped="0" hostname="PERFIOS-HW-078" name="library.api.types.payloads.StaticPayload" tests="1" failures="0" timestamp="2020-07-04T18:53:12 IST" time="3.151" errors="0">
  <testcase name="dynamicPayload" time="3.151" classname="library.api.types.payloads.StaticPayload"/>
  <system-out/>
</testsuite> <!-- library.api.types.payloads.StaticPayload -->
