<?xml version="1.0" encoding="UTF-8"?>
<!-- Generated by org.testng.reporters.JUnitReportReporter -->
<testsuite skipped="0" hostname="PERFIOS-HW-078" name="dynamic.payload.library.DynamicPayload" tests="3" failures="0" timestamp="2020-07-04T18:48:45 IST" time="3.303" errors="0">
  <testcase name="dynamicPayload" time="2.950" classname="dynamic.payload.library.DynamicPayload"/>
  <system-out/>
  <testcase name="dynamicPayload" time="0.184" classname="dynamic.payload.library.DynamicPayload"/>
  <system-out/>
  <testcase name="dynamicPayload" time="0.169" classname="dynamic.payload.library.DynamicPayload"/>
  <system-out/>
</testsuite> <!-- dynamic.payload.library.DynamicPayload -->
